# JRE version: OpenJDK Runtime Environment Microsoft-8035246 (17.0.8+7) (build 17.0.8+7-LTS)
# Java VM: OpenJDK 64-Bit Server VM Microsoft-8035246 (17.0.8+7-LTS, mixed mode, sharing, tiered, compressed oops, compressed class ptrs, g1 gc, windows-amd64)
GC Precious Log:
 CPUs: 12 total, 12 available
 Memory: 7541M
 Large Page Support: Disabled
 NUMA Support: Disabled
 Compressed Oops: Enabled (32-bit)
 Heap Region Size: 1M
 Heap Min Capacity: 8M
 Heap Initial Capacity: 118M
 Heap Max Capacity: 2G
 Pre-touch: Disabled
 Parallel Workers: 10
 Concurrent Workers: 3
 Concurrent Refinement Workers: 10
 Periodic GC: Disabled
Heap:
 garbage-first heap   total 347136K, used 235763K [0x0000000080000000, 0x0000000100000000)
  region size 1024K, 24 young (24576K), 5 survivors (5120K)
 Metaspace       used 109485K, committed 110720K, reserved 557056K
  class space    used 15321K, committed 15872K, reserved 425984K
GC Heap History (20 events):
Event: 35.951 GC heap before
{Heap before GC invocations=67 (full 0):
 garbage-first heap   total 244736K, used 146172K [0x0000000080000000, 0x0000000100000000)
  region size 1024K, 11 young (11264K), 7 survivors (7168K)
 Metaspace       used 97699K, committed 98688K, reserved 557056K
  class space    used 13655K, committed 14080K, reserved 425984K
}
Event: 35.955 GC heap after
{Heap after GC invocations=68 (full 0):
 garbage-first heap   total 244736K, used 144227K [0x0000000080000000, 0x0000000100000000)
  region size 1024K, 1 young (1024K), 1 survivors (1024K)
 Metaspace       used 97699K, committed 98688K, reserved 557056K
  class space    used 13655K, committed 14080K, reserved 425984K
}
Event: 36.467 GC heap before
{Heap before GC invocations=68 (full 0):
 garbage-first heap   total 244736K, used 191331K [0x0000000080000000, 0x0000000100000000)
  region size 1024K, 47 young (48128K), 1 survivors (1024K)
 Metaspace       used 100102K, committed 101056K, reserved 557056K
  class space    used 14027K, committed 14464K, reserved 425984K
}
Event: 36.472 GC heap after
{Heap after GC invocations=69 (full 0):
 garbage-first heap   total 244736K, used 146235K [0x0000000080000000, 0x0000000100000000)
  region size 1024K, 3 young (3072K), 3 survivors (3072K)
 Metaspace       used 100102K, committed 101056K, reserved 557056K
  class space    used 14027K, committed 14464K, reserved 425984K
}
Event: 36.847 GC heap before
{Heap before GC invocations=70 (full 0):
 garbage-first heap   total 256000K, used 194363K [0x0000000080000000, 0x0000000100000000)
  region size 1024K, 50 young (51200K), 3 survivors (3072K)
 Metaspace       used 101594K, committed 102528K, reserved 557056K
  class space    used 14229K, committed 14656K, reserved 425984K
}
Event: 36.855 GC heap after
{Heap after GC invocations=71 (full 0):
 garbage-first heap   total 256000K, used 151539K [0x0000000080000000, 0x0000000100000000)
  region size 1024K, 7 young (7168K), 7 survivors (7168K)
 Metaspace       used 101594K, committed 102528K, reserved 557056K
  class space    used 14229K, committed 14656K, reserved 425984K
}
Event: 36.892 GC heap before
{Heap before GC invocations=71 (full 0):
 garbage-first heap   total 256000K, used 156659K [0x0000000080000000, 0x0000000100000000)
  region size 1024K, 12 young (12288K), 7 survivors (7168K)
 Metaspace       used 101635K, committed 102592K, reserved 557056K
  class space    used 14235K, committed 14656K, reserved 425984K
}
Event: 36.899 GC heap after
{Heap after GC invocations=72 (full 0):
 garbage-first heap   total 347136K, used 152295K [0x0000000080000000, 0x0000000100000000)
  region size 1024K, 2 young (2048K), 2 survivors (2048K)
 Metaspace       used 101635K, committed 102592K, reserved 557056K
  class space    used 14235K, committed 14656K, reserved 425984K
}
Event: 37.876 GC heap before
{Heap before GC invocations=72 (full 0):
 garbage-first heap   total 347136K, used 248551K [0x0000000080000000, 0x0000000100000000)
  region size 1024K, 96 young (98304K), 2 survivors (2048K)
 Metaspace       used 102100K, committed 103104K, reserved 557056K
  class space    used 14285K, committed 14720K, reserved 425984K
}
Event: 37.889 GC heap after
{Heap after GC invocations=73 (full 0):
 garbage-first heap   total 347136K, used 167936K [0x0000000080000000, 0x0000000100000000)
  region size 1024K, 12 young (12288K), 12 survivors (12288K)
 Metaspace       used 102100K, committed 103104K, reserved 557056K
  class space    used 14285K, committed 14720K, reserved 425984K
}
Event: 39.061 GC heap before
{Heap before GC invocations=73 (full 0):
 garbage-first heap   total 347136K, used 260096K [0x0000000080000000, 0x0000000100000000)
  region size 1024K, 100 young (102400K), 12 survivors (12288K)
 Metaspace       used 104100K, committed 105216K, reserved 557056K
  class space    used 14553K, committed 15040K, reserved 425984K
}
Event: 39.082 GC heap after
{Heap after GC invocations=74 (full 0):
 garbage-first heap   total 347136K, used 188361K [0x0000000080000000, 0x0000000100000000)
  region size 1024K, 13 young (13312K), 13 survivors (13312K)
 Metaspace       used 104100K, committed 105216K, reserved 557056K
  class space    used 14553K, committed 15040K, reserved 425984K
}
Event: 40.191 GC heap before
{Heap before GC invocations=74 (full 0):
 garbage-first heap   total 347136K, used 268233K [0x0000000080000000, 0x0000000100000000)
  region size 1024K, 91 young (93184K), 13 survivors (13312K)
 Metaspace       used 107625K, committed 108736K, reserved 557056K
  class space    used 15030K, committed 15552K, reserved 425984K
}
Event: 40.207 GC heap after
{Heap after GC invocations=75 (full 0):
 garbage-first heap   total 347136K, used 199419K [0x0000000080000000, 0x0000000100000000)
  region size 1024K, 10 young (10240K), 10 survivors (10240K)
 Metaspace       used 107625K, committed 108736K, reserved 557056K
  class space    used 15030K, committed 15552K, reserved 425984K
}
Event: 40.816 GC heap before
{Heap before GC invocations=75 (full 0):
 garbage-first heap   total 347136K, used 275195K [0x0000000080000000, 0x0000000100000000)
  region size 1024K, 84 young (86016K), 10 survivors (10240K)
 Metaspace       used 108242K, committed 109440K, reserved 557056K
  class space    used 15079K, committed 15616K, reserved 425984K
}
Event: 40.831 GC heap after
{Heap after GC invocations=76 (full 0):
 garbage-first heap   total 347136K, used 207831K [0x0000000080000000, 0x0000000100000000)
  region size 1024K, 9 young (9216K), 9 survivors (9216K)
 Metaspace       used 108242K, committed 109440K, reserved 557056K
  class space    used 15079K, committed 15616K, reserved 425984K
}
Event: 41.616 GC heap before
{Heap before GC invocations=76 (full 0):
 garbage-first heap   total 347136K, used 278487K [0x0000000080000000, 0x0000000100000000)
  region size 1024K, 79 young (80896K), 9 survivors (9216K)
 Metaspace       used 109393K, committed 110656K, reserved 557056K
  class space    used 15321K, committed 15872K, reserved 425984K
}
Event: 41.629 GC heap after
{Heap after GC invocations=77 (full 0):
 garbage-first heap   total 347136K, used 213924K [0x0000000080000000, 0x0000000100000000)
  region size 1024K, 6 young (6144K), 6 survivors (6144K)
 Metaspace       used 109393K, committed 110656K, reserved 557056K
  class space    used 15321K, committed 15872K, reserved 425984K
}
Event: 42.093 GC heap before
{Heap before GC invocations=77 (full 0):
 garbage-first heap   total 347136K, used 282532K [0x0000000080000000, 0x0000000100000000)
  region size 1024K, 74 young (75776K), 6 survivors (6144K)
 Metaspace       used 109484K, committed 110720K, reserved 557056K
  class space    used 15321K, committed 15872K, reserved 425984K
}
Event: 42.102 GC heap after
{Heap after GC invocations=78 (full 0):
 garbage-first heap   total 347136K, used 217331K [0x0000000080000000, 0x0000000100000000)
  region size 1024K, 5 young (5120K), 5 survivors (5120K)
 Metaspace       used 109484K, committed 110720K, reserved 557056K
  class space    used 15321K, committed 15872K, reserved 425984K
}

