# JRE version: OpenJDK Runtime Environment Microsoft-8035246 (17.0.8+7) (build 17.0.8+7-LTS)
# Java VM: OpenJDK 64-Bit Server VM Microsoft-8035246 (17.0.8+7-LTS, mixed mode, sharing, tiered, compressed oops, compressed class ptrs, g1 gc, windows-amd64)
GC Precious Log:
 CPUs: 12 total, 12 available
 Memory: 7541M
 Large Page Support: Disabled
 NUMA Support: Disabled
 Compressed Oops: Enabled (32-bit)
 Heap Region Size: 1M
 Heap Min Capacity: 8M
 Heap Initial Capacity: 118M
 Heap Max Capacity: 2G
 Pre-touch: Disabled
 Parallel Workers: 10
 Concurrent Workers: 3
 Concurrent Refinement Workers: 10
 Periodic GC: Disabled
Heap:
 garbage-first heap   total 321536K, used 209139K [0x0000000080000000, 0x0000000100000000)
  region size 1024K, 15 young (15360K), 9 survivors (9216K)
 Metaspace       used 108957K, committed 110144K, reserved 557056K
  class space    used 15214K, committed 15744K, reserved 425984K
GC Heap History (20 events):
Event: 26.161 GC heap before
{Heap before GC invocations=44 (full 0):
 garbage-first heap   total 321536K, used 244236K [0x0000000080000000, 0x0000000100000000)
  region size 1024K, 148 young (151552K), 4 survivors (4096K)
 Metaspace       used 92008K, committed 92864K, reserved 557056K
  class space    used 12873K, committed 13248K, reserved 425984K
}
Event: 26.171 GC heap after
{Heap after GC invocations=45 (full 0):
 garbage-first heap   total 321536K, used 107862K [0x0000000080000000, 0x0000000100000000)
  region size 1024K, 15 young (15360K), 15 survivors (15360K)
 Metaspace       used 92008K, committed 92864K, reserved 557056K
  class space    used 12873K, committed 13248K, reserved 425984K
}
Event: 26.193 GC heap before
{Heap before GC invocations=45 (full 0):
 garbage-first heap   total 321536K, used 108886K [0x0000000080000000, 0x0000000100000000)
  region size 1024K, 16 young (16384K), 15 survivors (15360K)
 Metaspace       used 92473K, committed 93312K, reserved 557056K
  class space    used 12921K, committed 13312K, reserved 425984K
}
Event: 26.201 GC heap after
{Heap after GC invocations=46 (full 0):
 garbage-first heap   total 321536K, used 108997K [0x0000000080000000, 0x0000000100000000)
  region size 1024K, 2 young (2048K), 2 survivors (2048K)
 Metaspace       used 92473K, committed 93312K, reserved 557056K
  class space    used 12921K, committed 13312K, reserved 425984K
}
Event: 28.263 GC heap before
{Heap before GC invocations=46 (full 0):
 garbage-first heap   total 321536K, used 256453K [0x0000000080000000, 0x0000000100000000)
  region size 1024K, 140 young (143360K), 2 survivors (2048K)
 Metaspace       used 96535K, committed 97536K, reserved 557056K
  class space    used 13501K, committed 13952K, reserved 425984K
}
Event: 28.278 GC heap after
{Heap after GC invocations=47 (full 0):
 garbage-first heap   total 321536K, used 138258K [0x0000000080000000, 0x0000000100000000)
  region size 1024K, 18 young (18432K), 18 survivors (18432K)
 Metaspace       used 96535K, committed 97536K, reserved 557056K
  class space    used 13501K, committed 13952K, reserved 425984K
}
Event: 29.200 GC heap before
{Heap before GC invocations=47 (full 0):
 garbage-first heap   total 321536K, used 243730K [0x0000000080000000, 0x0000000100000000)
  region size 1024K, 121 young (123904K), 18 survivors (18432K)
 Metaspace       used 101290K, committed 102272K, reserved 557056K
  class space    used 14179K, committed 14656K, reserved 425984K
}
Event: 29.216 GC heap after
{Heap after GC invocations=48 (full 0):
 garbage-first heap   total 321536K, used 145890K [0x0000000080000000, 0x0000000100000000)
  region size 1024K, 8 young (8192K), 8 survivors (8192K)
 Metaspace       used 101290K, committed 102272K, reserved 557056K
  class space    used 14179K, committed 14656K, reserved 425984K
}
Event: 30.041 GC heap before
{Heap before GC invocations=48 (full 0):
 garbage-first heap   total 321536K, used 252386K [0x0000000080000000, 0x0000000100000000)
  region size 1024K, 111 young (113664K), 8 survivors (8192K)
 Metaspace       used 101898K, committed 102912K, reserved 557056K
  class space    used 14240K, committed 14720K, reserved 425984K
}
Event: 30.058 GC heap after
{Heap after GC invocations=49 (full 0):
 garbage-first heap   total 321536K, used 162872K [0x0000000080000000, 0x0000000100000000)
  region size 1024K, 14 young (14336K), 14 survivors (14336K)
 Metaspace       used 101898K, committed 102912K, reserved 557056K
  class space    used 14240K, committed 14720K, reserved 425984K
}
Event: 31.186 GC heap before
{Heap before GC invocations=49 (full 0):
 garbage-first heap   total 321536K, used 254008K [0x0000000080000000, 0x0000000100000000)
  region size 1024K, 102 young (104448K), 14 survivors (14336K)
 Metaspace       used 106285K, committed 107328K, reserved 557056K
  class space    used 14866K, committed 15360K, reserved 425984K
}
Event: 31.207 GC heap after
{Heap after GC invocations=50 (full 0):
 garbage-first heap   total 321536K, used 177322K [0x0000000080000000, 0x0000000100000000)
  region size 1024K, 13 young (13312K), 13 survivors (13312K)
 Metaspace       used 106285K, committed 107328K, reserved 557056K
  class space    used 14866K, committed 15360K, reserved 425984K
}
Event: 31.912 GC heap before
{Heap before GC invocations=50 (full 0):
 garbage-first heap   total 321536K, used 257194K [0x0000000080000000, 0x0000000100000000)
  region size 1024K, 91 young (93184K), 13 survivors (13312K)
 Metaspace       used 107291K, committed 108480K, reserved 557056K
  class space    used 14951K, committed 15488K, reserved 425984K
}
Event: 31.929 GC heap after
{Heap after GC invocations=51 (full 0):
 garbage-first heap   total 321536K, used 187935K [0x0000000080000000, 0x0000000100000000)
  region size 1024K, 11 young (11264K), 11 survivors (11264K)
 Metaspace       used 107291K, committed 108480K, reserved 557056K
  class space    used 14951K, committed 15488K, reserved 425984K
}
Event: 32.767 GC heap before
{Heap before GC invocations=51 (full 0):
 garbage-first heap   total 321536K, used 259615K [0x0000000080000000, 0x0000000100000000)
  region size 1024K, 82 young (83968K), 11 survivors (11264K)
 Metaspace       used 108636K, committed 109760K, reserved 557056K
  class space    used 15209K, committed 15744K, reserved 425984K
}
Event: 32.781 GC heap after
{Heap after GC invocations=52 (full 0):
 garbage-first heap   total 321536K, used 194172K [0x0000000080000000, 0x0000000100000000)
  region size 1024K, 7 young (7168K), 7 survivors (7168K)
 Metaspace       used 108636K, committed 109760K, reserved 557056K
  class space    used 15209K, committed 15744K, reserved 425984K
}
Event: 33.250 GC heap before
{Heap before GC invocations=52 (full 0):
 garbage-first heap   total 321536K, used 262780K [0x0000000080000000, 0x0000000100000000)
  region size 1024K, 75 young (76800K), 7 survivors (7168K)
 Metaspace       used 108727K, committed 109824K, reserved 557056K
  class space    used 15209K, committed 15744K, reserved 425984K
}
Event: 33.261 GC heap after
{Heap after GC invocations=53 (full 0):
 garbage-first heap   total 321536K, used 197943K [0x0000000080000000, 0x0000000100000000)
  region size 1024K, 5 young (5120K), 5 survivors (5120K)
 Metaspace       used 108727K, committed 109824K, reserved 557056K
  class space    used 15209K, committed 15744K, reserved 425984K
}
Event: 34.008 GC heap before
{Heap before GC invocations=53 (full 0):
 garbage-first heap   total 321536K, used 281911K [0x0000000080000000, 0x0000000100000000)
  region size 1024K, 72 young (73728K), 5 survivors (5120K)
 Metaspace       used 108931K, committed 110080K, reserved 557056K
  class space    used 15214K, committed 15744K, reserved 425984K
}
Event: 34.017 GC heap after
{Heap after GC invocations=54 (full 0):
 garbage-first heap   total 321536K, used 204019K [0x0000000080000000, 0x0000000100000000)
  region size 1024K, 9 young (9216K), 9 survivors (9216K)
 Metaspace       used 108931K, committed 110080K, reserved 557056K
  class space    used 15214K, committed 15744K, reserved 425984K
}

